[2020-02-17 17:29:44] app.ERROR: Data from PrestaShop Addons is invalid, and cannot fallback on cache.  {"exception":"cURL error 28: Operation timed out after 5000 milliseconds with 127249 bytes received"} []
[2020-02-17 17:29:45] app.INFO: Protect vendor folder in module contactform [] []
[2020-02-17 17:29:45] app.INFO: Module contactform has no vendor folder [] []
[2020-02-17 17:29:46] app.INFO: Protect vendor folder in module dashactivity [] []
[2020-02-17 17:29:46] app.INFO: Module dashactivity has no vendor folder [] []
[2020-02-17 17:29:47] app.INFO: Protect vendor folder in module dashtrends [] []
[2020-02-17 17:29:47] app.INFO: Module dashtrends has no vendor folder [] []
[2020-02-17 17:29:49] app.INFO: Protect vendor folder in module dashgoals [] []
[2020-02-17 17:29:49] app.INFO: Module dashgoals has no vendor folder [] []
[2020-02-17 17:29:50] app.INFO: Protect vendor folder in module dashproducts [] []
[2020-02-17 17:29:50] app.INFO: Module dashproducts has no vendor folder [] []
[2020-02-17 17:29:51] app.INFO: Protect vendor folder in module graphnvd3 [] []
[2020-02-17 17:29:51] app.INFO: Module graphnvd3 has no vendor folder [] []
[2020-02-17 17:29:51] app.INFO: Protect vendor folder in module gridhtml [] []
[2020-02-17 17:29:51] app.INFO: Module gridhtml has no vendor folder [] []
[2020-02-17 17:29:52] app.INFO: Protect vendor folder in module gsitemap [] []
[2020-02-17 17:29:52] app.INFO: Module gsitemap has no vendor folder [] []
[2020-02-17 17:29:53] app.INFO: Protect vendor folder in module ps_banner [] []
[2020-02-17 17:29:53] app.INFO: Module ps_banner has no vendor folder [] []
[2020-02-17 17:29:54] app.INFO: Protect vendor folder in module ps_categorytree [] []
[2020-02-17 17:29:54] app.INFO: Module ps_categorytree has no vendor folder [] []
[2020-02-17 17:29:55] app.INFO: Protect vendor folder in module ps_checkpayment [] []
[2020-02-17 17:29:55] app.INFO: Module ps_checkpayment has no vendor folder [] []
[2020-02-17 17:29:55] app.INFO: Protect vendor folder in module ps_contactinfo [] []
[2020-02-17 17:29:55] app.INFO: Module ps_contactinfo has no vendor folder [] []
[2020-02-17 17:29:56] app.INFO: Protect vendor folder in module ps_currencyselector [] []
[2020-02-17 17:29:56] app.INFO: Module ps_currencyselector has no vendor folder [] []
[2020-02-17 17:29:57] app.INFO: Protect vendor folder in module ps_customeraccountlinks [] []
[2020-02-17 17:29:57] app.INFO: Module ps_customeraccountlinks has no vendor folder [] []
[2020-02-17 17:29:57] app.INFO: Protect vendor folder in module ps_customersignin [] []
[2020-02-17 17:29:57] app.INFO: Module ps_customersignin has no vendor folder [] []
[2020-02-17 17:29:59] app.INFO: Protect vendor folder in module ps_customtext [] []
[2020-02-17 17:29:59] app.INFO: Module ps_customtext has no vendor folder [] []
[2020-02-17 17:30:01] app.INFO: Protect vendor folder in module ps_emailsubscription [] []
[2020-02-17 17:30:01] app.INFO: Module ps_emailsubscription has no vendor folder [] []
[2020-02-17 17:30:09] app.INFO: Protect vendor folder in module ps_facetedsearch [] []
[2020-02-17 17:30:09] app.INFO: Module ps_facetedsearch has no vendor folder [] []
[2020-02-17 17:30:11] app.INFO: Protect vendor folder in module ps_faviconnotificationbo [] []
[2020-02-17 17:30:11] app.INFO: Module ps_faviconnotificationbo has no vendor folder [] []
[2020-02-17 17:30:13] app.INFO: Protect vendor folder in module ps_featuredproducts [] []
[2020-02-17 17:30:13] app.INFO: Module ps_featuredproducts has no vendor folder [] []
[2020-02-17 17:30:15] app.INFO: Protect vendor folder in module ps_imageslider [] []
[2020-02-17 17:30:15] app.INFO: Module ps_imageslider has no vendor folder [] []
[2020-02-17 17:30:16] app.INFO: Protect vendor folder in module ps_languageselector [] []
[2020-02-17 17:30:16] app.INFO: Module ps_languageselector has no vendor folder [] []
[2020-02-17 17:30:18] app.INFO: Protect vendor folder in module ps_linklist [] []
[2020-02-17 17:30:18] app.INFO: Module ps_linklist has no vendor folder [] []
[2020-02-17 17:30:18] app.ERROR: Class "AdminLinkWidgetController" not found in controllers/admin [] []
[2020-02-17 17:30:20] app.INFO: Protect vendor folder in module ps_mainmenu [] []
[2020-02-17 17:30:20] app.INFO: Module ps_mainmenu has no vendor folder [] []
[2020-02-17 17:30:21] app.INFO: Protect vendor folder in module ps_searchbar [] []
[2020-02-17 17:30:21] app.INFO: Module ps_searchbar has no vendor folder [] []
[2020-02-17 17:30:22] app.INFO: Protect vendor folder in module ps_sharebuttons [] []
[2020-02-17 17:30:22] app.INFO: Module ps_sharebuttons has no vendor folder [] []
[2020-02-17 17:30:23] app.INFO: Protect vendor folder in module ps_shoppingcart [] []
[2020-02-17 17:30:23] app.INFO: Module ps_shoppingcart has no vendor folder [] []
[2020-02-17 17:30:23] app.INFO: Protect vendor folder in module ps_socialfollow [] []
[2020-02-17 17:30:23] app.INFO: Module ps_socialfollow has no vendor folder [] []
[2020-02-17 17:30:25] app.INFO: Protect vendor folder in module ps_themecusto [] []
[2020-02-17 17:30:25] app.INFO: Module ps_themecusto has no vendor folder [] []
[2020-02-17 17:30:26] app.INFO: Protect vendor folder in module ps_wirepayment [] []
[2020-02-17 17:30:26] app.INFO: Module ps_wirepayment has no vendor folder [] []
[2020-02-17 17:30:27] app.INFO: Protect vendor folder in module pagesnotfound [] []
[2020-02-17 17:30:27] app.INFO: Module pagesnotfound has no vendor folder [] []
[2020-02-17 17:30:28] app.INFO: Protect vendor folder in module sekeywords [] []
[2020-02-17 17:30:28] app.INFO: Module sekeywords has no vendor folder [] []
[2020-02-17 17:30:29] app.INFO: Protect vendor folder in module statsbestcategories [] []
[2020-02-17 17:30:29] app.INFO: Module statsbestcategories has no vendor folder [] []
[2020-02-17 17:30:29] app.INFO: Protect vendor folder in module statsbestcustomers [] []
[2020-02-17 17:30:29] app.INFO: Module statsbestcustomers has no vendor folder [] []
[2020-02-17 17:30:30] app.INFO: Protect vendor folder in module statsbestproducts [] []
[2020-02-17 17:30:30] app.INFO: Module statsbestproducts has no vendor folder [] []
[2020-02-17 17:30:30] app.INFO: Protect vendor folder in module statsbestsuppliers [] []
[2020-02-17 17:30:30] app.INFO: Module statsbestsuppliers has no vendor folder [] []
[2020-02-17 17:30:31] app.INFO: Protect vendor folder in module statsbestvouchers [] []
[2020-02-17 17:30:31] app.INFO: Module statsbestvouchers has no vendor folder [] []
[2020-02-17 17:30:31] app.INFO: Protect vendor folder in module statscarrier [] []
[2020-02-17 17:30:31] app.INFO: Module statscarrier has no vendor folder [] []
[2020-02-17 17:30:32] app.INFO: Protect vendor folder in module statscatalog [] []
[2020-02-17 17:30:32] app.INFO: Module statscatalog has no vendor folder [] []
[2020-02-17 17:30:33] app.INFO: Protect vendor folder in module statscheckup [] []
[2020-02-17 17:30:33] app.INFO: Module statscheckup has no vendor folder [] []
[2020-02-17 17:30:34] app.INFO: Protect vendor folder in module statsdata [] []
[2020-02-17 17:30:34] app.INFO: Module statsdata has no vendor folder [] []
[2020-02-17 17:30:34] app.INFO: Protect vendor folder in module statsequipment [] []
[2020-02-17 17:30:34] app.INFO: Module statsequipment has no vendor folder [] []
[2020-02-17 17:30:35] app.INFO: Protect vendor folder in module statsforecast [] []
[2020-02-17 17:30:35] app.INFO: Module statsforecast has no vendor folder [] []
[2020-02-17 17:30:35] app.INFO: Protect vendor folder in module statslive [] []
[2020-02-17 17:30:35] app.INFO: Module statslive has no vendor folder [] []
[2020-02-17 17:30:36] app.INFO: Protect vendor folder in module statsnewsletter [] []
[2020-02-17 17:30:36] app.INFO: Module statsnewsletter has no vendor folder [] []
[2020-02-17 17:30:36] app.INFO: Protect vendor folder in module statsorigin [] []
[2020-02-17 17:30:36] app.INFO: Module statsorigin has no vendor folder [] []
[2020-02-17 17:30:37] app.INFO: Protect vendor folder in module statspersonalinfos [] []
[2020-02-17 17:30:37] app.INFO: Module statspersonalinfos has no vendor folder [] []
[2020-02-17 17:30:37] app.INFO: Protect vendor folder in module statsproduct [] []
[2020-02-17 17:30:37] app.INFO: Module statsproduct has no vendor folder [] []
[2020-02-17 17:30:38] app.INFO: Protect vendor folder in module statsregistrations [] []
[2020-02-17 17:30:38] app.INFO: Module statsregistrations has no vendor folder [] []
[2020-02-17 17:30:39] app.INFO: Protect vendor folder in module statssales [] []
[2020-02-17 17:30:39] app.INFO: Module statssales has no vendor folder [] []
[2020-02-17 17:30:39] app.INFO: Protect vendor folder in module statssearch [] []
[2020-02-17 17:30:40] app.INFO: Module statssearch has no vendor folder [] []
[2020-02-17 17:30:40] app.INFO: Protect vendor folder in module statsstock [] []
[2020-02-17 17:30:40] app.INFO: Module statsstock has no vendor folder [] []
[2020-02-17 17:30:41] app.INFO: Protect vendor folder in module statsvisits [] []
[2020-02-17 17:30:41] app.INFO: Module statsvisits has no vendor folder [] []
[2020-02-17 17:30:42] app.INFO: Protect vendor folder in module welcome [] []
[2020-02-17 17:30:55] app.INFO: Exporting mail with theme modern for language tiếng Việt (Vietnamese) [] []
[2020-02-17 17:30:55] app.INFO: Core output folder: C:\workspace-git\may-cay/mails [] []
[2020-02-17 17:30:55] app.INFO: Modules output folder: C:\workspace-git\may-cay/modules/ [] []
[2020-02-17 17:42:38] app.ERROR: Data from PrestaShop Addons is invalid, and cannot fallback on cache.  {"exception":"cURL error 28: Operation timed out after 5000 milliseconds with 77702 bytes received"} []
[2020-02-17 17:42:41] app.INFO: Protect vendor folder in module gamification [] []
[2020-02-17 17:42:41] app.INFO: Protect vendor folder in module psaddonsconnect [] []
[2020-02-17 17:42:44] app.INFO: Protect vendor folder in module psgdpr [] []
[2020-02-17 17:42:44] app.INFO: Module psgdpr has no vendor folder [] []
[2020-02-17 17:42:46] app.INFO: Protect vendor folder in module ps_mbo [] []
[2020-02-17 17:42:47] app.INFO: Protect vendor folder in module ps_buybuttonlite [] []
[2020-02-17 17:42:53] app.INFO: Exporting mail with theme modern for language tiếng Việt (Vietnamese) [] []
[2020-02-17 17:42:53] app.INFO: Core output folder: C:\workspace-git\may-cay/mails [] []
[2020-02-17 17:42:53] app.INFO: Modules output folder: C:\workspace-git\may-cay/modules/ [] []
[2020-02-17 17:43:27] app.ERROR: Data from PrestaShop Addons is invalid, and cannot fallback on cache.  {"exception":"cURL error 28: Operation timed out after 5000 milliseconds with 112393 bytes received"} []
[2020-02-17 17:43:28] app.INFO: Protect vendor folder in module blockreassurance [] []
[2020-02-17 17:43:28] app.INFO: Module blockreassurance has no vendor folder [] []
[2020-02-17 17:44:49] app.ERROR: Data from PrestaShop Addons is invalid, and cannot fallback on cache.  {"exception":"cURL error 28: Operation timed out after 5000 milliseconds with 110470 bytes received"} []
[2020-02-17 17:45:00] app.INFO: Protect vendor folder in module ps_facetedsearch [] []
[2020-02-17 17:45:00] app.INFO: Module ps_facetedsearch has no vendor folder [] []
[2020-02-18 08:21:49] request.INFO: Matched route "admin_module_manage". {"route":"admin_module_manage","route_parameters":{"category":null,"keyword":null,"_controller":"PrestaShopBundle\\Controller\\Admin\\Improve\\ModuleController::manageAction","_legacy_controller":"AdminModulesManage","_legacy_link":["AdminModulesManage","AdminModulesSf"],"_route":"admin_module_manage"},"request_uri":"http://localhost/may-cay/admin_sc/index.php/improve/modules/manage?_token=cVU6j95z7uyjy4pC89JvHDrG3DC3977JwoeeTTZgCbs","method":"GET"} []
[2020-02-18 08:21:49] security.DEBUG: Read existing security token from the session. {"key":"_security_main","token_class":"Symfony\\Component\\Security\\Core\\Authentication\\Token\\UsernamePasswordToken"} []
[2020-02-18 08:21:49] security.DEBUG: User was reloaded from a user provider. {"provider":"PrestaShopBundle\\Security\\Admin\\EmployeeProvider","username":"admin@admin.com"} []
[2020-02-18 08:21:54] app.ERROR: Data from PrestaShop Addons is invalid, and cannot fallback on cache.  {"exception":"cURL error 28: Operation timed out after 5000 milliseconds with 174469 bytes received"} []
[2020-02-18 08:21:57] security.DEBUG: Stored the security token in the session. {"key":"_security_main"} []
[2020-02-18 08:21:59] request.INFO: Matched route "admin_module_notification_count". {"route":"admin_module_notification_count","route_parameters":{"_controller":"PrestaShopBundle\\Controller\\Admin\\Improve\\Modules\\AlertsController::notificationsCountAction","_legacy_controller":"AdminModulesNotifications","_legacy_link":"AdminModulesNotifications:count","_route":"admin_module_notification_count"},"request_uri":"http://localhost/may-cay/admin_sc/index.php/improve/modules/alerts/count?_token=cVU6j95z7uyjy4pC89JvHDrG3DC3977JwoeeTTZgCbs","method":"GET"} []
[2020-02-18 08:21:59] security.DEBUG: Read existing security token from the session. {"key":"_security_main","token_class":"Symfony\\Component\\Security\\Core\\Authentication\\Token\\UsernamePasswordToken"} []
[2020-02-18 08:21:59] security.DEBUG: User was reloaded from a user provider. {"provider":"PrestaShopBundle\\Security\\Admin\\EmployeeProvider","username":"admin@admin.com"} []
[2020-02-18 08:22:04] app.ERROR: Data from PrestaShop Addons is invalid, and cannot fallback on cache.  {"exception":"cURL error 28: Operation timed out after 5000 milliseconds with 222093 bytes received"} []
[2020-02-18 08:22:05] security.DEBUG: Stored the security token in the session. {"key":"_security_main"} []
[2020-02-18 09:00:58] request.INFO: Matched route "admin_themes_enable". {"route":"admin_themes_enable","route_parameters":{"_controller":"PrestaShopBundle\\Controller\\Admin\\Improve\\Design\\ThemeController::enableAction","_legacy_controller":"AdminThemes","_legacy_link":"AdminThemes:enableTheme","_legacy_parameters":{"theme_name":"themeName"},"themeName":"ST002","_route":"admin_themes_enable"},"request_uri":"http://localhost/may-cay/admin_sc/index.php/improve/design/themes/ST002/enable?_token=cVU6j95z7uyjy4pC89JvHDrG3DC3977JwoeeTTZgCbs","method":"POST"} []
[2020-02-18 09:00:58] security.DEBUG: Read existing security token from the session. {"key":"_security_main","token_class":"Symfony\\Component\\Security\\Core\\Authentication\\Token\\UsernamePasswordToken"} []
[2020-02-18 09:00:58] security.DEBUG: User was reloaded from a user provider. {"provider":"PrestaShopBundle\\Security\\Admin\\EmployeeProvider","username":"admin@admin.com"} []
[2020-02-18 09:01:03] app.ERROR: Data from PrestaShop Addons is invalid, and cannot fallback on cache.  {"exception":"cURL error 28: Operation timed out after 5000 milliseconds with 184605 bytes received"} []
[2020-02-18 09:01:07] app.INFO: Protect vendor folder in module othomeslider [] []
[2020-02-18 09:01:07] app.INFO: Module othomeslider has no vendor folder [] []
[2020-02-18 09:01:09] app.INFO: Protect vendor folder in module otbannerblock [] []
[2020-02-18 09:01:09] app.INFO: Module otbannerblock has no vendor folder [] []
[2020-02-18 09:01:10] app.INFO: Protect vendor folder in module otfeaturedproducts [] []
[2020-02-18 09:01:10] app.INFO: Module otfeaturedproducts has no vendor folder [] []
[2020-02-18 09:01:11] app.INFO: Protect vendor folder in module otparallaxblock [] []
[2020-02-18 09:01:11] app.INFO: Module otparallaxblock has no vendor folder [] []
[2020-02-18 09:01:13] app.INFO: Protect vendor folder in module otspecials [] []
[2020-02-18 09:01:13] app.INFO: Module otspecials has no vendor folder [] []
[2020-02-18 09:01:15] app.INFO: Protect vendor folder in module ottestimonialblock [] []
[2020-02-18 09:01:15] app.INFO: Module ottestimonialblock has no vendor folder [] []
[2020-02-18 09:01:16] app.INFO: Protect vendor folder in module otbrandlist [] []
[2020-02-18 09:01:16] app.INFO: Module otbrandlist has no vendor folder [] []
[2020-02-18 09:01:18] app.INFO: Protect vendor folder in module otfooterbottomleftblock [] []
[2020-02-18 09:01:18] app.INFO: Module otfooterbottomleftblock has no vendor folder [] []
[2020-02-18 09:01:20] app.INFO: Protect vendor folder in module otfooterbottomrightblock [] []
[2020-02-18 09:01:20] app.INFO: Module otfooterbottomrightblock has no vendor folder [] []
[2020-02-18 09:01:22] app.INFO: Protect vendor folder in module otfooterbottomblock [] []
[2020-02-18 09:01:22] app.INFO: Module otfooterbottomblock has no vendor folder [] []
[2020-02-18 09:01:23] app.INFO: Protect vendor folder in module otleftbannerblock [] []
[2020-02-18 09:01:23] app.INFO: Module otleftbannerblock has no vendor folder [] []
[2020-02-18 09:01:25] app.INFO: Protect vendor folder in module otleftnewproducts [] []
[2020-02-18 09:01:25] app.INFO: Module otleftnewproducts has no vendor folder [] []
[2020-02-18 09:01:33] security.DEBUG: Stored the security token in the session. {"key":"_security_main"} []
[2020-02-18 09:22:54] request.INFO: Matched route "admin_themes_enable". {"route":"admin_themes_enable","route_parameters":{"_controller":"PrestaShopBundle\\Controller\\Admin\\Improve\\Design\\ThemeController::enableAction","_legacy_controller":"AdminThemes","_legacy_link":"AdminThemes:enableTheme","_legacy_parameters":{"theme_name":"themeName"},"themeName":"ST038","_route":"admin_themes_enable"},"request_uri":"http://localhost/may-cay/admin_sc/index.php/improve/design/themes/ST038/enable?_token=cVU6j95z7uyjy4pC89JvHDrG3DC3977JwoeeTTZgCbs","method":"POST"} []
[2020-02-18 09:22:54] security.DEBUG: Read existing security token from the session. {"key":"_security_main","token_class":"Symfony\\Component\\Security\\Core\\Authentication\\Token\\UsernamePasswordToken"} []
[2020-02-18 09:22:54] security.DEBUG: User was reloaded from a user provider. {"provider":"PrestaShopBundle\\Security\\Admin\\EmployeeProvider","username":"admin@admin.com"} []
[2020-02-18 09:23:00] app.ERROR: Data from PrestaShop Addons is invalid, and cannot fallback on cache.  {"exception":"cURL error 28: Operation timed out after 5000 milliseconds with 123502 bytes received"} []
[2020-02-18 09:23:04] app.INFO: Protect vendor folder in module otheaderrightblock [] []
[2020-02-18 09:23:04] app.INFO: Module otheaderrightblock has no vendor folder [] []
[2020-02-18 09:23:04] app.INFO: Protect vendor folder in module othomeslider [] []
[2020-02-18 09:23:04] app.INFO: Module othomeslider has no vendor folder [] []
[2020-02-18 09:23:05] app.INFO: Protect vendor folder in module otshippingblock [] []
[2020-02-18 09:23:05] app.INFO: Module otshippingblock has no vendor folder [] []
[2020-02-18 09:23:05] app.INFO: Protect vendor folder in module otbannerblock [] []
[2020-02-18 09:23:05] app.INFO: Module otbannerblock has no vendor folder [] []
[2020-02-18 09:23:05] app.INFO: Protect vendor folder in module otfeaturedproducts [] []
[2020-02-18 09:23:05] app.INFO: Module otfeaturedproducts has no vendor folder [] []
[2020-02-18 09:23:05] app.INFO: Protect vendor folder in module otparallaxblock [] []
[2020-02-18 09:23:05] app.INFO: Module otparallaxblock has no vendor folder [] []
[2020-02-18 09:23:05] app.INFO: Protect vendor folder in module otspecials [] []
[2020-02-18 09:23:05] app.INFO: Module otspecials has no vendor folder [] []
[2020-02-18 09:23:06] app.INFO: Protect vendor folder in module ottestimonialblock [] []
[2020-02-18 09:23:06] app.INFO: Module ottestimonialblock has no vendor folder [] []
[2020-02-18 09:23:06] app.INFO: Protect vendor folder in module otbrandlist [] []
[2020-02-18 09:23:06] app.INFO: Module otbrandlist has no vendor folder [] []
[2020-02-18 09:23:06] app.INFO: Protect vendor folder in module otfooterbottomleftblock [] []
[2020-02-18 09:23:06] app.INFO: Module otfooterbottomleftblock has no vendor folder [] []
[2020-02-18 09:23:06] app.INFO: Protect vendor folder in module otfooterbottomrightblock [] []
[2020-02-18 09:23:06] app.INFO: Module otfooterbottomrightblock has no vendor folder [] []
[2020-02-18 09:23:06] app.INFO: Protect vendor folder in module otfooterbottomblock [] []
[2020-02-18 09:23:06] app.INFO: Module otfooterbottomblock has no vendor folder [] []
[2020-02-18 09:23:06] app.INFO: Protect vendor folder in module otleftbannerblock [] []
[2020-02-18 09:23:06] app.INFO: Module otleftbannerblock has no vendor folder [] []
[2020-02-18 09:23:06] app.INFO: Protect vendor folder in module otleftnewproducts [] []
[2020-02-18 09:23:06] app.INFO: Module otleftnewproducts has no vendor folder [] []
[2020-02-18 09:23:10] security.DEBUG: Stored the security token in the session. {"key":"_security_main"} []
[2020-02-18 09:24:45] request.INFO: Matched route "admin_themes_enable". {"route":"admin_themes_enable","route_parameters":{"_controller":"PrestaShopBundle\\Controller\\Admin\\Improve\\Design\\ThemeController::enableAction","_legacy_controller":"AdminThemes","_legacy_link":"AdminThemes:enableTheme","_legacy_parameters":{"theme_name":"themeName"},"themeName":"ST038","_route":"admin_themes_enable"},"request_uri":"http://localhost/may-cay/admin_sc/index.php/improve/design/themes/ST038/enable?_token=cVU6j95z7uyjy4pC89JvHDrG3DC3977JwoeeTTZgCbs","method":"POST"} []
[2020-02-18 09:24:45] security.DEBUG: Read existing security token from the session. {"key":"_security_main","token_class":"Symfony\\Component\\Security\\Core\\Authentication\\Token\\UsernamePasswordToken"} []
[2020-02-18 09:24:45] security.DEBUG: User was reloaded from a user provider. {"provider":"PrestaShopBundle\\Security\\Admin\\EmployeeProvider","username":"admin@admin.com"} []
[2020-02-18 09:24:50] app.ERROR: Data from PrestaShop Addons is invalid, and cannot fallback on cache.  {"exception":"cURL error 28: Operation timed out after 5000 milliseconds with 158085 bytes received"} []
[2020-02-18 09:24:51] app.INFO: Protect vendor folder in module otheaderrightblock [] []
[2020-02-18 09:24:51] app.INFO: Module otheaderrightblock has no vendor folder [] []
[2020-02-18 09:24:51] app.INFO: Protect vendor folder in module othomeslider [] []
[2020-02-18 09:24:51] app.INFO: Module othomeslider has no vendor folder [] []
[2020-02-18 09:24:51] app.INFO: Protect vendor folder in module otshippingblock [] []
[2020-02-18 09:24:51] app.INFO: Module otshippingblock has no vendor folder [] []
[2020-02-18 09:24:51] app.INFO: Protect vendor folder in module otbannerblock [] []
[2020-02-18 09:24:51] app.INFO: Module otbannerblock has no vendor folder [] []
[2020-02-18 09:24:51] app.INFO: Protect vendor folder in module otfeaturedproducts [] []
[2020-02-18 09:24:51] app.INFO: Module otfeaturedproducts has no vendor folder [] []
[2020-02-18 09:24:51] app.INFO: Protect vendor folder in module otparallaxblock [] []
[2020-02-18 09:24:51] app.INFO: Module otparallaxblock has no vendor folder [] []
[2020-02-18 09:24:51] app.INFO: Protect vendor folder in module otspecials [] []
[2020-02-18 09:24:51] app.INFO: Module otspecials has no vendor folder [] []
[2020-02-18 09:24:51] app.INFO: Protect vendor folder in module ottestimonialblock [] []
[2020-02-18 09:24:51] app.INFO: Module ottestimonialblock has no vendor folder [] []
[2020-02-18 09:24:51] app.INFO: Protect vendor folder in module otbrandlist [] []
[2020-02-18 09:24:51] app.INFO: Module otbrandlist has no vendor folder [] []
[2020-02-18 09:24:51] app.INFO: Protect vendor folder in module otfooterbottomleftblock [] []
[2020-02-18 09:24:51] app.INFO: Module otfooterbottomleftblock has no vendor folder [] []
[2020-02-18 09:24:51] app.INFO: Protect vendor folder in module otfooterbottomrightblock [] []
[2020-02-18 09:24:51] app.INFO: Module otfooterbottomrightblock has no vendor folder [] []
[2020-02-18 09:24:51] app.INFO: Protect vendor folder in module otfooterbottomblock [] []
[2020-02-18 09:24:51] app.INFO: Module otfooterbottomblock has no vendor folder [] []
[2020-02-18 09:24:51] app.INFO: Protect vendor folder in module otleftbannerblock [] []
[2020-02-18 09:24:51] app.INFO: Module otleftbannerblock has no vendor folder [] []
[2020-02-18 09:24:51] app.INFO: Protect vendor folder in module otleftnewproducts [] []
[2020-02-18 09:24:51] app.INFO: Module otleftnewproducts has no vendor folder [] []
[2020-02-18 09:24:56] security.DEBUG: Stored the security token in the session. {"key":"_security_main"} []
[2020-02-18 09:29:27] request.INFO: Matched route "admin_module_manage". {"route":"admin_module_manage","route_parameters":{"category":null,"keyword":null,"_controller":"PrestaShopBundle\\Controller\\Admin\\Improve\\ModuleController::manageAction","_legacy_controller":"AdminModulesManage","_legacy_link":["AdminModulesManage","AdminModulesSf"],"_route":"admin_module_manage"},"request_uri":"http://localhost/may-cay/admin_sc/index.php/improve/modules/manage?_token=cVU6j95z7uyjy4pC89JvHDrG3DC3977JwoeeTTZgCbs","method":"GET"} []
[2020-02-18 09:29:27] security.DEBUG: Read existing security token from the session. {"key":"_security_main","token_class":"Symfony\\Component\\Security\\Core\\Authentication\\Token\\UsernamePasswordToken"} []
[2020-02-18 09:29:27] security.DEBUG: User was reloaded from a user provider. {"provider":"PrestaShopBundle\\Security\\Admin\\EmployeeProvider","username":"admin@admin.com"} []
[2020-02-18 09:29:33] app.ERROR: Data from PrestaShop Addons is invalid, and cannot fallback on cache.  {"exception":"cURL error 28: Operation timed out after 5000 milliseconds with 172565 bytes received"} []
[2020-02-18 09:29:41] security.DEBUG: Stored the security token in the session. {"key":"_security_main"} []
[2020-02-18 09:29:45] request.INFO: Matched route "admin_module_notification_count". {"route":"admin_module_notification_count","route_parameters":{"_controller":"PrestaShopBundle\\Controller\\Admin\\Improve\\Modules\\AlertsController::notificationsCountAction","_legacy_controller":"AdminModulesNotifications","_legacy_link":"AdminModulesNotifications:count","_route":"admin_module_notification_count"},"request_uri":"http://localhost/may-cay/admin_sc/index.php/improve/modules/alerts/count?_token=cVU6j95z7uyjy4pC89JvHDrG3DC3977JwoeeTTZgCbs","method":"GET"} []
[2020-02-18 09:29:45] security.DEBUG: Read existing security token from the session. {"key":"_security_main","token_class":"Symfony\\Component\\Security\\Core\\Authentication\\Token\\UsernamePasswordToken"} []
[2020-02-18 09:29:45] security.DEBUG: User was reloaded from a user provider. {"provider":"PrestaShopBundle\\Security\\Admin\\EmployeeProvider","username":"admin@admin.com"} []
[2020-02-18 09:29:50] app.ERROR: Data from PrestaShop Addons is invalid, and cannot fallback on cache.  {"exception":"cURL error 28: Operation timed out after 5000 milliseconds with 141701 bytes received"} []
[2020-02-18 09:29:55] security.DEBUG: Stored the security token in the session. {"key":"_security_main"} []
[2020-02-18 09:38:15] request.INFO: Matched route "admin_link_block_list". {"route":"admin_link_block_list","route_parameters":{"_controller":"PrestaShop\\Module\\LinkList\\Controller\\Admin\\Improve\\Design\\LinkBlockController::listAction","_legacy_controller":"AdminLinkWidget","_legacy_link":"AdminLinkWidget","_route":"admin_link_block_list"},"request_uri":"http://localhost/may-cay/admin_sc/index.php/modules/link-widget/list?_token=cVU6j95z7uyjy4pC89JvHDrG3DC3977JwoeeTTZgCbs","method":"GET"} []
[2020-02-18 09:38:15] security.DEBUG: Read existing security token from the session. {"key":"_security_main","token_class":"Symfony\\Component\\Security\\Core\\Authentication\\Token\\UsernamePasswordToken"} []
[2020-02-18 09:38:15] security.DEBUG: User was reloaded from a user provider. {"provider":"PrestaShopBundle\\Security\\Admin\\EmployeeProvider","username":"admin@admin.com"} []
[2020-02-18 09:38:20] app.ERROR: Data from PrestaShop Addons is invalid, and cannot fallback on cache.  {"exception":"cURL error 28: Operation timed out after 5000 milliseconds with 190853 bytes received"} []
[2020-02-18 09:38:21] security.DEBUG: Stored the security token in the session. {"key":"_security_main"} []
[2020-02-18 09:38:27] request.INFO: Matched route "admin_link_block_edit". {"route":"admin_link_block_edit","route_parameters":{"_controller":"PrestaShop\\Module\\LinkList\\Controller\\Admin\\Improve\\Design\\LinkBlockController::editAction","_legacy_controller":"AdminLinkWidget","linkBlockId":"1","_route":"admin_link_block_edit"},"request_uri":"http://localhost/may-cay/admin_sc/index.php/modules/link-widget/edit/1?_token=cVU6j95z7uyjy4pC89JvHDrG3DC3977JwoeeTTZgCbs","method":"GET"} []
[2020-02-18 09:38:27] security.DEBUG: Read existing security token from the session. {"key":"_security_main","token_class":"Symfony\\Component\\Security\\Core\\Authentication\\Token\\UsernamePasswordToken"} []
[2020-02-18 09:38:27] security.DEBUG: User was reloaded from a user provider. {"provider":"PrestaShopBundle\\Security\\Admin\\EmployeeProvider","username":"admin@admin.com"} []
[2020-02-18 09:38:32] app.ERROR: Data from PrestaShop Addons is invalid, and cannot fallback on cache.  {"exception":"cURL error 28: Operation timed out after 5000 milliseconds with 126854 bytes received"} []
[2020-02-18 09:38:34] security.DEBUG: Stored the security token in the session. {"key":"_security_main"} []
[2020-02-18 09:38:48] request.INFO: Matched route "admin_link_block_list". {"route":"admin_link_block_list","route_parameters":{"_controller":"PrestaShop\\Module\\LinkList\\Controller\\Admin\\Improve\\Design\\LinkBlockController::listAction","_legacy_controller":"AdminLinkWidget","_legacy_link":"AdminLinkWidget","_route":"admin_link_block_list"},"request_uri":"http://localhost/may-cay/admin_sc/index.php/modules/link-widget/list?_token=cVU6j95z7uyjy4pC89JvHDrG3DC3977JwoeeTTZgCbs","method":"GET"} []
[2020-02-18 09:38:48] security.DEBUG: Read existing security token from the session. {"key":"_security_main","token_class":"Symfony\\Component\\Security\\Core\\Authentication\\Token\\UsernamePasswordToken"} []
[2020-02-18 09:38:48] security.DEBUG: User was reloaded from a user provider. {"provider":"PrestaShopBundle\\Security\\Admin\\EmployeeProvider","username":"admin@admin.com"} []
[2020-02-18 09:38:53] app.ERROR: Data from PrestaShop Addons is invalid, and cannot fallback on cache.  {"exception":"cURL error 28: Operation timed out after 5000 milliseconds with 190853 bytes received"} []
[2020-02-18 09:38:54] security.DEBUG: Stored the security token in the session. {"key":"_security_main"} []
[2020-02-18 09:39:00] request.INFO: Matched route "admin_link_block_edit". {"route":"admin_link_block_edit","route_parameters":{"_controller":"PrestaShop\\Module\\LinkList\\Controller\\Admin\\Improve\\Design\\LinkBlockController::editAction","_legacy_controller":"AdminLinkWidget","linkBlockId":"2","_route":"admin_link_block_edit"},"request_uri":"http://localhost/may-cay/admin_sc/index.php/modules/link-widget/edit/2?_token=cVU6j95z7uyjy4pC89JvHDrG3DC3977JwoeeTTZgCbs","method":"GET"} []
[2020-02-18 09:39:00] security.DEBUG: Read existing security token from the session. {"key":"_security_main","token_class":"Symfony\\Component\\Security\\Core\\Authentication\\Token\\UsernamePasswordToken"} []
[2020-02-18 09:39:00] security.DEBUG: User was reloaded from a user provider. {"provider":"PrestaShopBundle\\Security\\Admin\\EmployeeProvider","username":"admin@admin.com"} []
[2020-02-18 09:39:05] app.ERROR: Data from PrestaShop Addons is invalid, and cannot fallback on cache.  {"exception":"cURL error 28: Operation timed out after 5000 milliseconds with 190853 bytes received"} []
[2020-02-18 09:39:06] security.DEBUG: Stored the security token in the session. {"key":"_security_main"} []
[2020-02-18 09:39:23] request.INFO: Matched route "admin_link_block_edit_process". {"route":"admin_link_block_edit_process","route_parameters":{"_controller":"PrestaShop\\Module\\LinkList\\Controller\\Admin\\Improve\\Design\\LinkBlockController::editProcessAction","_legacy_controller":"AdminLinkWidget","linkBlockId":"2","_route":"admin_link_block_edit_process"},"request_uri":"http://localhost/may-cay/admin_sc/index.php/modules/link-widget/edit/2?_token=cVU6j95z7uyjy4pC89JvHDrG3DC3977JwoeeTTZgCbs","method":"POST"} []
[2020-02-18 09:39:23] security.DEBUG: Read existing security token from the session. {"key":"_security_main","token_class":"Symfony\\Component\\Security\\Core\\Authentication\\Token\\UsernamePasswordToken"} []
[2020-02-18 09:39:23] security.DEBUG: User was reloaded from a user provider. {"provider":"PrestaShopBundle\\Security\\Admin\\EmployeeProvider","username":"admin@admin.com"} []
[2020-02-18 09:39:28] app.ERROR: Data from PrestaShop Addons is invalid, and cannot fallback on cache.  {"exception":"cURL error 28: Operation timed out after 5000 milliseconds with 158085 bytes received"} []
[2020-02-18 09:39:28] security.DEBUG: Stored the security token in the session. {"key":"_security_main"} []
[2020-02-18 09:39:29] request.INFO: Matched route "admin_link_block_list". {"route":"admin_link_block_list","route_parameters":{"_controller":"PrestaShop\\Module\\LinkList\\Controller\\Admin\\Improve\\Design\\LinkBlockController::listAction","_legacy_controller":"AdminLinkWidget","_legacy_link":"AdminLinkWidget","_route":"admin_link_block_list"},"request_uri":"http://localhost/may-cay/admin_sc/index.php/modules/link-widget/list?_token=cVU6j95z7uyjy4pC89JvHDrG3DC3977JwoeeTTZgCbs","method":"GET"} []
[2020-02-18 09:39:29] security.DEBUG: Read existing security token from the session. {"key":"_security_main","token_class":"Symfony\\Component\\Security\\Core\\Authentication\\Token\\UsernamePasswordToken"} []
[2020-02-18 09:39:29] security.DEBUG: User was reloaded from a user provider. {"provider":"PrestaShopBundle\\Security\\Admin\\EmployeeProvider","username":"admin@admin.com"} []
[2020-02-18 09:39:34] app.ERROR: Data from PrestaShop Addons is invalid, and cannot fallback on cache.  {"exception":"cURL error 28: Operation timed out after 5000 milliseconds with 174469 bytes received"} []
[2020-02-18 09:39:35] security.DEBUG: Stored the security token in the session. {"key":"_security_main"} []
[2020-02-20 09:23:19] request.INFO: Matched route "admin_international_translations_show_settings". {"route":"admin_international_translations_show_settings","route_parameters":{"_controller":"PrestaShopBundle\\Controller\\Admin\\TranslationsController::showSettingsAction","_legacy_controller":"AdminTranslations","_legacy_link":"AdminTranslations:settings","_route":"admin_international_translations_show_settings"},"request_uri":"http://localhost/may-cay/admin_sc/index.php/improve/international/translations/settings?_token=qlWoLL2_xTUD42EZJj7JN1Om0RCA_Q165K6w6D1R1A0","method":"GET"} []
[2020-02-20 09:23:19] security.DEBUG: Read existing security token from the session. {"key":"_security_main","token_class":"Symfony\\Component\\Security\\Core\\Authentication\\Token\\UsernamePasswordToken"} []
[2020-02-20 09:23:19] security.DEBUG: User was reloaded from a user provider. {"provider":"PrestaShopBundle\\Security\\Admin\\EmployeeProvider","username":"admin@admin.com"} []
[2020-02-20 09:23:24] app.ERROR: Data from PrestaShop Addons is invalid, and cannot fallback on cache.  {"exception":"cURL error 28: Operation timed out after 5000 milliseconds with 92182 bytes received"} []
[2020-02-20 09:23:27] security.DEBUG: Stored the security token in the session. {"key":"_security_main"} []
[2020-02-20 09:23:47] request.INFO: Matched route "admin_payment_methods". {"route":"admin_payment_methods","route_parameters":{"_controller":"PrestaShopBundle\\Controller\\Admin\\Improve\\Payment\\PaymentMethodsController::indexAction","_legacy_controller":"AdminPayment","_legacy_link":"AdminPayment","_route":"admin_payment_methods"},"request_uri":"http://localhost/may-cay/admin_sc/index.php/improve/payment/payment_methods?_token=qlWoLL2_xTUD42EZJj7JN1Om0RCA_Q165K6w6D1R1A0","method":"GET"} []
[2020-02-20 09:23:47] security.DEBUG: Read existing security token from the session. {"key":"_security_main","token_class":"Symfony\\Component\\Security\\Core\\Authentication\\Token\\UsernamePasswordToken"} []
[2020-02-20 09:23:47] security.DEBUG: User was reloaded from a user provider. {"provider":"PrestaShopBundle\\Security\\Admin\\EmployeeProvider","username":"admin@admin.com"} []
[2020-02-20 09:23:52] app.ERROR: Data from PrestaShop Addons is invalid, and cannot fallback on cache.  {"exception":"cURL error 28: Operation timed out after 5000 milliseconds with 126854 bytes received"} []
[2020-02-20 09:23:53] security.DEBUG: Stored the security token in the session. {"key":"_security_main"} []
[2020-02-20 09:24:13] request.INFO: Matched route "admin_module_catalog_refresh". {"route":"admin_module_catalog_refresh","route_parameters":{"category":null,"keyword":null,"_controller":"PrestaShopBundle\\Controller\\Admin\\Improve\\ModuleController::refreshCatalogAction","_legacy_controller":"AdminModulesCatalog","_legacy_link":"AdminModulesCatalog:refresh","_route":"admin_module_catalog_refresh"},"request_uri":"http://localhost/may-cay/admin_sc/index.php/improve/modules/catalog/refresh?_token=qlWoLL2_xTUD42EZJj7JN1Om0RCA_Q165K6w6D1R1A0","method":"GET"} []
[2020-02-20 09:24:13] security.DEBUG: Read existing security token from the session. {"key":"_security_main","token_class":"Symfony\\Component\\Security\\Core\\Authentication\\Token\\UsernamePasswordToken"} []
[2020-02-20 09:24:13] security.DEBUG: User was reloaded from a user provider. {"provider":"PrestaShopBundle\\Security\\Admin\\EmployeeProvider","username":"admin@admin.com"} []
[2020-02-20 09:24:18] app.ERROR: Data from PrestaShop Addons is invalid, and cannot fallback on cache.  {"exception":"cURL error 28: Operation timed out after 5000 milliseconds with 172565 bytes received"} []
[2020-02-20 09:24:19] security.DEBUG: Stored the security token in the session. {"key":"_security_main"} []
[2020-02-20 09:24:13] request.INFO: Matched route "admin_module_notification_count". {"route":"admin_module_notification_count","route_parameters":{"_controller":"PrestaShopBundle\\Controller\\Admin\\Improve\\Modules\\AlertsController::notificationsCountAction","_legacy_controller":"AdminModulesNotifications","_legacy_link":"AdminModulesNotifications:count","_route":"admin_module_notification_count"},"request_uri":"http://localhost/may-cay/admin_sc/index.php/improve/modules/alerts/count?_token=qlWoLL2_xTUD42EZJj7JN1Om0RCA_Q165K6w6D1R1A0","method":"GET"} []
[2020-02-20 09:24:19] security.DEBUG: Read existing security token from the session. {"key":"_security_main","token_class":"Symfony\\Component\\Security\\Core\\Authentication\\Token\\UsernamePasswordToken"} []
[2020-02-20 09:24:19] security.DEBUG: User was reloaded from a user provider. {"provider":"PrestaShopBundle\\Security\\Admin\\EmployeeProvider","username":"admin@admin.com"} []
[2020-02-20 09:24:25] app.ERROR: Data from PrestaShop Addons is invalid, and cannot fallback on cache.  {"exception":"cURL error 28: Operation timed out after 5000 milliseconds with 120606 bytes received"} []
[2020-02-20 09:24:25] security.DEBUG: Stored the security token in the session. {"key":"_security_main"} []
[2020-02-20 09:25:01] request.INFO: Matched route "admin_module_manage_action". {"route":"admin_module_manage_action","route_parameters":{"_controller":"PrestaShopBundle\\Controller\\Admin\\Improve\\ModuleController::moduleAction","action":"install","module_name":"ps_newproducts","_route":"admin_module_manage_action"},"request_uri":"http://localhost/may-cay/admin_sc/index.php/improve/modules/manage/action/install/ps_newproducts?_token=qlWoLL2_xTUD42EZJj7JN1Om0RCA_Q165K6w6D1R1A0","method":"POST"} []
[2020-02-20 09:25:01] security.DEBUG: Read existing security token from the session. {"key":"_security_main","token_class":"Symfony\\Component\\Security\\Core\\Authentication\\Token\\UsernamePasswordToken"} []
[2020-02-20 09:25:01] security.DEBUG: User was reloaded from a user provider. {"provider":"PrestaShopBundle\\Security\\Admin\\EmployeeProvider","username":"admin@admin.com"} []
[2020-02-20 09:25:06] app.ERROR: Data from PrestaShop Addons is invalid, and cannot fallback on cache.  {"exception":"cURL error 28: Operation timed out after 5000 milliseconds with 163421 bytes received"} []
[2020-02-20 09:25:07] app.INFO: Protect vendor folder in module ps_newproducts [] []
[2020-02-20 09:25:07] security.DEBUG: Stored the security token in the session. {"key":"_security_main"} []
[2020-02-20 09:25:03] request.INFO: Matched route "admin_module_manage_action". {"route":"admin_module_manage_action","route_parameters":{"_controller":"PrestaShopBundle\\Controller\\Admin\\Improve\\ModuleController::moduleAction","action":"install","module_name":"ps_bestsellers","_route":"admin_module_manage_action"},"request_uri":"http://localhost/may-cay/admin_sc/index.php/improve/modules/manage/action/install/ps_bestsellers?_token=qlWoLL2_xTUD42EZJj7JN1Om0RCA_Q165K6w6D1R1A0","method":"POST"} []
[2020-02-20 09:25:07] security.DEBUG: Read existing security token from the session. {"key":"_security_main","token_class":"Symfony\\Component\\Security\\Core\\Authentication\\Token\\UsernamePasswordToken"} []
[2020-02-20 09:25:07] security.DEBUG: User was reloaded from a user provider. {"provider":"PrestaShopBundle\\Security\\Admin\\EmployeeProvider","username":"admin@admin.com"} []
[2020-02-20 09:25:12] app.ERROR: Data from PrestaShop Addons is invalid, and cannot fallback on cache.  {"exception":"cURL error 28: Operation timed out after 5000 milliseconds with 174469 bytes received"} []
[2020-02-20 09:25:50] request.INFO: Matched route "admin_module_manage_action". {"route":"admin_module_manage_action","route_parameters":{"_controller":"PrestaShopBundle\\Controller\\Admin\\Improve\\ModuleController::moduleAction","action":"install","module_name":"ps_bestsellers","_route":"admin_module_manage_action"},"request_uri":"http://localhost/may-cay/admin_sc/index.php/improve/modules/manage/action/install/ps_bestsellers?_token=qlWoLL2_xTUD42EZJj7JN1Om0RCA_Q165K6w6D1R1A0","method":"POST"} []
[2020-02-20 09:25:50] security.DEBUG: Read existing security token from the session. {"key":"_security_main","token_class":"Symfony\\Component\\Security\\Core\\Authentication\\Token\\UsernamePasswordToken"} []
[2020-02-20 09:25:50] security.DEBUG: User was reloaded from a user provider. {"provider":"PrestaShopBundle\\Security\\Admin\\EmployeeProvider","username":"admin@admin.com"} []
[2020-02-20 09:25:55] app.ERROR: Data from PrestaShop Addons is invalid, and cannot fallback on cache.  {"exception":"cURL error 28: Operation timed out after 5000 milliseconds with 94086 bytes received"} []
[2020-02-20 09:26:01] app.INFO: Protect vendor folder in module ps_bestsellers [] []
[2020-02-20 09:26:01] security.DEBUG: Stored the security token in the session. {"key":"_security_main"} []
[2020-02-20 09:26:56] request.INFO: Matched route "admin_module_manage_action". {"route":"admin_module_manage_action","route_parameters":{"_controller":"PrestaShopBundle\\Controller\\Admin\\Improve\\ModuleController::moduleAction","action":"install","module_name":"ps_specials","_route":"admin_module_manage_action"},"request_uri":"http://localhost/may-cay/admin_sc/index.php/improve/modules/manage/action/install/ps_specials?_token=qlWoLL2_xTUD42EZJj7JN1Om0RCA_Q165K6w6D1R1A0","method":"POST"} []
[2020-02-20 09:26:56] security.DEBUG: Read existing security token from the session. {"key":"_security_main","token_class":"Symfony\\Component\\Security\\Core\\Authentication\\Token\\UsernamePasswordToken"} []
[2020-02-20 09:26:56] security.DEBUG: User was reloaded from a user provider. {"provider":"PrestaShopBundle\\Security\\Admin\\EmployeeProvider","username":"admin@admin.com"} []
[2020-02-20 09:27:01] app.ERROR: Data from PrestaShop Addons is invalid, and cannot fallback on cache.  {"exception":"cURL error 28: Operation timed out after 5001 milliseconds with 129750 bytes received"} []
[2020-02-20 09:27:02] app.INFO: Protect vendor folder in module ps_specials [] []
[2020-02-20 09:27:02] security.DEBUG: Stored the security token in the session. {"key":"_security_main"} []
[2020-02-20 09:27:36] request.INFO: Matched route "admin_module_manage_action". {"route":"admin_module_manage_action","route_parameters":{"_controller":"PrestaShopBundle\\Controller\\Admin\\Improve\\ModuleController::moduleAction","action":"install","module_name":"statsbestmanufacturers","_route":"admin_module_manage_action"},"request_uri":"http://localhost/may-cay/admin_sc/index.php/improve/modules/manage/action/install/statsbestmanufacturers?_token=qlWoLL2_xTUD42EZJj7JN1Om0RCA_Q165K6w6D1R1A0","method":"POST"} []
[2020-02-20 09:27:36] security.DEBUG: Read existing security token from the session. {"key":"_security_main","token_class":"Symfony\\Component\\Security\\Core\\Authentication\\Token\\UsernamePasswordToken"} []
[2020-02-20 09:27:36] security.DEBUG: User was reloaded from a user provider. {"provider":"PrestaShopBundle\\Security\\Admin\\EmployeeProvider","username":"admin@admin.com"} []
[2020-02-20 09:27:41] app.ERROR: Data from PrestaShop Addons is invalid, and cannot fallback on cache.  {"exception":"cURL error 28: Operation timed out after 5000 milliseconds with 158085 bytes received"} []
[2020-02-20 09:27:42] app.INFO: Protect vendor folder in module statsbestmanufacturers [] []
[2020-02-20 09:27:42] app.INFO: Module statsbestmanufacturers has no vendor folder [] []
[2020-02-20 09:27:42] security.DEBUG: Stored the security token in the session. {"key":"_security_main"} []
[2020-02-20 09:42:44] request.INFO: Matched route "admin_module_configure_action". {"route":"admin_module_configure_action","route_parameters":{"_controller":"PrestaShopBundle\\Controller\\Admin\\Improve\\ModuleController::configureModuleAction","_legacy_controller":"AdminModules","module_name":"ps_newproducts","_route":"admin_module_configure_action"},"request_uri":"http://localhost/may-cay/admin_sc/index.php/improve/modules/manage/action/configure/ps_newproducts?_token=qlWoLL2_xTUD42EZJj7JN1Om0RCA_Q165K6w6D1R1A0","method":"GET"} []
[2020-02-20 09:42:44] security.DEBUG: Read existing security token from the session. {"key":"_security_main","token_class":"Symfony\\Component\\Security\\Core\\Authentication\\Token\\UsernamePasswordToken"} []
[2020-02-20 09:42:44] security.DEBUG: User was reloaded from a user provider. {"provider":"PrestaShopBundle\\Security\\Admin\\EmployeeProvider","username":"admin@admin.com"} []
[2020-02-20 09:42:49] app.ERROR: Data from PrestaShop Addons is invalid, and cannot fallback on cache.  {"exception":"cURL error 28: Operation timed out after 5000 milliseconds with 110470 bytes received"} []
[2020-02-20 09:42:50] security.DEBUG: Stored the security token in the session. {"key":"_security_main"} []
[2020-02-20 09:43:10] request.INFO: Matched route "admin_module_manage". {"route":"admin_module_manage","route_parameters":{"category":null,"keyword":null,"_controller":"PrestaShopBundle\\Controller\\Admin\\Improve\\ModuleController::manageAction","_legacy_controller":"AdminModulesManage","_legacy_link":["AdminModulesManage","AdminModulesSf"],"_route":"admin_module_manage"},"request_uri":"http://localhost/may-cay/admin_sc/index.php/improve/modules/manage?_token=qlWoLL2_xTUD42EZJj7JN1Om0RCA_Q165K6w6D1R1A0","method":"GET"} []
[2020-02-20 09:43:10] security.DEBUG: Read existing security token from the session. {"key":"_security_main","token_class":"Symfony\\Component\\Security\\Core\\Authentication\\Token\\UsernamePasswordToken"} []
[2020-02-20 09:43:10] security.DEBUG: User was reloaded from a user provider. {"provider":"PrestaShopBundle\\Security\\Admin\\EmployeeProvider","username":"admin@admin.com"} []
[2020-02-20 09:43:15] app.ERROR: Data from PrestaShop Addons is invalid, and cannot fallback on cache.  {"exception":"cURL error 28: Operation timed out after 5000 milliseconds with 158085 bytes received"} []
[2020-02-20 09:43:19] security.DEBUG: Stored the security token in the session. {"key":"_security_main"} []
[2020-02-20 09:43:21] request.INFO: Matched route "admin_module_notification_count". {"route":"admin_module_notification_count","route_parameters":{"_controller":"PrestaShopBundle\\Controller\\Admin\\Improve\\Modules\\AlertsController::notificationsCountAction","_legacy_controller":"AdminModulesNotifications","_legacy_link":"AdminModulesNotifications:count","_route":"admin_module_notification_count"},"request_uri":"http://localhost/may-cay/admin_sc/index.php/improve/modules/alerts/count?_token=qlWoLL2_xTUD42EZJj7JN1Om0RCA_Q165K6w6D1R1A0","method":"GET"} []
[2020-02-20 09:43:21] security.DEBUG: Read existing security token from the session. {"key":"_security_main","token_class":"Symfony\\Component\\Security\\Core\\Authentication\\Token\\UsernamePasswordToken"} []
[2020-02-20 09:43:21] security.DEBUG: User was reloaded from a user provider. {"provider":"PrestaShopBundle\\Security\\Admin\\EmployeeProvider","username":"admin@admin.com"} []
[2020-02-20 09:43:26] app.ERROR: Data from PrestaShop Addons is invalid, and cannot fallback on cache.  {"exception":"cURL error 28: Operation timed out after 5000 milliseconds with 126854 bytes received"} []
[2020-02-20 09:43:27] security.DEBUG: Stored the security token in the session. {"key":"_security_main"} []
[2020-02-20 09:43:27] request.INFO: Matched route "admin_module_notification". {"route":"admin_module_notification","route_parameters":{"_controller":"PrestaShopBundle\\Controller\\Admin\\Improve\\Modules\\AlertsController::indexAction","_legacy_controller":"AdminModulesNotifications","_legacy_link":"AdminModulesNotifications","_route":"admin_module_notification"},"request_uri":"http://localhost/may-cay/admin_sc/index.php/improve/modules/alerts?_token=qlWoLL2_xTUD42EZJj7JN1Om0RCA_Q165K6w6D1R1A0","method":"GET"} []
[2020-02-20 09:43:27] security.DEBUG: Read existing security token from the session. {"key":"_security_main","token_class":"Symfony\\Component\\Security\\Core\\Authentication\\Token\\UsernamePasswordToken"} []
[2020-02-20 09:43:27] security.DEBUG: User was reloaded from a user provider. {"provider":"PrestaShopBundle\\Security\\Admin\\EmployeeProvider","username":"admin@admin.com"} []
[2020-02-20 09:43:32] app.ERROR: Data from PrestaShop Addons is invalid, and cannot fallback on cache.  {"exception":"cURL error 28: Operation timed out after 5000 milliseconds with 141701 bytes received"} []
[2020-02-20 09:43:33] security.DEBUG: Stored the security token in the session. {"key":"_security_main"} []
[2020-02-20 09:43:34] request.INFO: Matched route "admin_module_notification_count". {"route":"admin_module_notification_count","route_parameters":{"_controller":"PrestaShopBundle\\Controller\\Admin\\Improve\\Modules\\AlertsController::notificationsCountAction","_legacy_controller":"AdminModulesNotifications","_legacy_link":"AdminModulesNotifications:count","_route":"admin_module_notification_count"},"request_uri":"http://localhost/may-cay/admin_sc/index.php/improve/modules/alerts/count?_token=qlWoLL2_xTUD42EZJj7JN1Om0RCA_Q165K6w6D1R1A0","method":"GET"} []
[2020-02-20 09:43:34] security.DEBUG: Read existing security token from the session. {"key":"_security_main","token_class":"Symfony\\Component\\Security\\Core\\Authentication\\Token\\UsernamePasswordToken"} []
[2020-02-20 09:43:34] security.DEBUG: User was reloaded from a user provider. {"provider":"PrestaShopBundle\\Security\\Admin\\EmployeeProvider","username":"admin@admin.com"} []
[2020-02-20 09:43:40] app.ERROR: Data from PrestaShop Addons is invalid, and cannot fallback on cache.  {"exception":"cURL error 28: Operation timed out after 5000 milliseconds with 112393 bytes received"} []
[2020-02-20 09:43:40] security.DEBUG: Stored the security token in the session. {"key":"_security_main"} []
[2020-02-20 09:44:34] request.INFO: Matched route "admin_module_manage". {"route":"admin_module_manage","route_parameters":{"category":null,"keyword":null,"_controller":"PrestaShopBundle\\Controller\\Admin\\Improve\\ModuleController::manageAction","_legacy_controller":"AdminModulesManage","_legacy_link":["AdminModulesManage","AdminModulesSf"],"_route":"admin_module_manage"},"request_uri":"http://localhost/may-cay/admin_sc/index.php/improve/modules/manage?_token=qlWoLL2_xTUD42EZJj7JN1Om0RCA_Q165K6w6D1R1A0","method":"GET"} []
[2020-02-20 09:44:34] security.DEBUG: Read existing security token from the session. {"key":"_security_main","token_class":"Symfony\\Component\\Security\\Core\\Authentication\\Token\\UsernamePasswordToken"} []
[2020-02-20 09:44:34] security.DEBUG: User was reloaded from a user provider. {"provider":"PrestaShopBundle\\Security\\Admin\\EmployeeProvider","username":"admin@admin.com"} []
[2020-02-20 09:44:39] app.ERROR: Data from PrestaShop Addons is invalid, and cannot fallback on cache.  {"exception":"cURL error 28: Operation timed out after 5000 milliseconds with 141325 bytes received"} []
[2020-02-20 09:44:40] security.DEBUG: Stored the security token in the session. {"key":"_security_main"} []
[2020-02-20 09:44:42] request.INFO: Matched route "admin_module_notification_count". {"route":"admin_module_notification_count","route_parameters":{"_controller":"PrestaShopBundle\\Controller\\Admin\\Improve\\Modules\\AlertsController::notificationsCountAction","_legacy_controller":"AdminModulesNotifications","_legacy_link":"AdminModulesNotifications:count","_route":"admin_module_notification_count"},"request_uri":"http://localhost/may-cay/admin_sc/index.php/improve/modules/alerts/count?_token=qlWoLL2_xTUD42EZJj7JN1Om0RCA_Q165K6w6D1R1A0","method":"GET"} []
[2020-02-20 09:44:42] security.DEBUG: Read existing security token from the session. {"key":"_security_main","token_class":"Symfony\\Component\\Security\\Core\\Authentication\\Token\\UsernamePasswordToken"} []
[2020-02-20 09:44:42] security.DEBUG: User was reloaded from a user provider. {"provider":"PrestaShopBundle\\Security\\Admin\\EmployeeProvider","username":"admin@admin.com"} []
[2020-02-20 09:44:48] app.ERROR: Data from PrestaShop Addons is invalid, and cannot fallback on cache.  {"exception":"cURL error 28: Operation timed out after 5000 milliseconds with 46462 bytes received"} []
[2020-02-20 09:44:48] security.DEBUG: Stored the security token in the session. {"key":"_security_main"} []
[2020-02-20 09:44:55] app.ERROR: Data from PrestaShop Addons is invalid, and cannot fallback on cache.  {"exception":"cURL error 28: Operation timed out after 5000 milliseconds with 158085 bytes received"} []
[2020-02-20 09:47:49] request.INFO: Matched route "admin_link_block_list". {"route":"admin_link_block_list","route_parameters":{"_controller":"PrestaShop\\Module\\LinkList\\Controller\\Admin\\Improve\\Design\\LinkBlockController::listAction","_legacy_controller":"AdminLinkWidget","_legacy_link":"AdminLinkWidget","_route":"admin_link_block_list"},"request_uri":"http://localhost/may-cay/admin_sc/index.php/modules/link-widget/list?_token=qlWoLL2_xTUD42EZJj7JN1Om0RCA_Q165K6w6D1R1A0","method":"GET"} []
[2020-02-20 09:47:49] security.DEBUG: Read existing security token from the session. {"key":"_security_main","token_class":"Symfony\\Component\\Security\\Core\\Authentication\\Token\\UsernamePasswordToken"} []
[2020-02-20 09:47:49] security.DEBUG: User was reloaded from a user provider. {"provider":"PrestaShopBundle\\Security\\Admin\\EmployeeProvider","username":"admin@admin.com"} []
[2020-02-20 09:47:54] app.ERROR: Data from PrestaShop Addons is invalid, and cannot fallback on cache.  {"exception":"cURL error 28: Operation timed out after 5000 milliseconds with 75422 bytes received"} []
[2020-02-20 09:47:55] security.DEBUG: Stored the security token in the session. {"key":"_security_main"} []
[2020-02-20 09:47:58] request.INFO: Matched route "admin_link_block_edit". {"route":"admin_link_block_edit","route_parameters":{"_controller":"PrestaShop\\Module\\LinkList\\Controller\\Admin\\Improve\\Design\\LinkBlockController::editAction","_legacy_controller":"AdminLinkWidget","linkBlockId":"1","_route":"admin_link_block_edit"},"request_uri":"http://localhost/may-cay/admin_sc/index.php/modules/link-widget/edit/1?_token=qlWoLL2_xTUD42EZJj7JN1Om0RCA_Q165K6w6D1R1A0","method":"GET"} []
[2020-02-20 09:47:58] security.DEBUG: Read existing security token from the session. {"key":"_security_main","token_class":"Symfony\\Component\\Security\\Core\\Authentication\\Token\\UsernamePasswordToken"} []
[2020-02-20 09:47:58] security.DEBUG: User was reloaded from a user provider. {"provider":"PrestaShopBundle\\Security\\Admin\\EmployeeProvider","username":"admin@admin.com"} []
[2020-02-20 09:48:04] app.ERROR: Data from PrestaShop Addons is invalid, and cannot fallback on cache.  {"exception":"cURL error 28: Operation timed out after 5000 milliseconds with 190853 bytes received"} []
[2020-02-20 09:48:04] security.DEBUG: Stored the security token in the session. {"key":"_security_main"} []
[2020-02-20 09:49:27] request.INFO: Matched route "admin_link_block_edit_process". {"route":"admin_link_block_edit_process","route_parameters":{"_controller":"PrestaShop\\Module\\LinkList\\Controller\\Admin\\Improve\\Design\\LinkBlockController::editProcessAction","_legacy_controller":"AdminLinkWidget","linkBlockId":"1","_route":"admin_link_block_edit_process"},"request_uri":"http://localhost/may-cay/admin_sc/index.php/modules/link-widget/edit/1?_token=qlWoLL2_xTUD42EZJj7JN1Om0RCA_Q165K6w6D1R1A0","method":"POST"} []
[2020-02-20 09:49:27] security.DEBUG: Read existing security token from the session. {"key":"_security_main","token_class":"Symfony\\Component\\Security\\Core\\Authentication\\Token\\UsernamePasswordToken"} []
[2020-02-20 09:49:27] security.DEBUG: User was reloaded from a user provider. {"provider":"PrestaShopBundle\\Security\\Admin\\EmployeeProvider","username":"admin@admin.com"} []
[2020-02-20 09:49:32] app.ERROR: Data from PrestaShop Addons is invalid, and cannot fallback on cache.  {"exception":"cURL error 28: Operation timed out after 5000 milliseconds with 44558 bytes received"} []
[2020-02-20 09:49:33] security.DEBUG: Stored the security token in the session. {"key":"_security_main"} []
[2020-02-20 09:49:32] request.INFO: Matched route "admin_link_block_list". {"route":"admin_link_block_list","route_parameters":{"_controller":"PrestaShop\\Module\\LinkList\\Controller\\Admin\\Improve\\Design\\LinkBlockController::listAction","_legacy_controller":"AdminLinkWidget","_legacy_link":"AdminLinkWidget","_route":"admin_link_block_list"},"request_uri":"http://localhost/may-cay/admin_sc/index.php/modules/link-widget/list?_token=qlWoLL2_xTUD42EZJj7JN1Om0RCA_Q165K6w6D1R1A0","method":"GET"} []
[2020-02-20 09:49:33] security.DEBUG: Read existing security token from the session. {"key":"_security_main","token_class":"Symfony\\Component\\Security\\Core\\Authentication\\Token\\UsernamePasswordToken"} []
[2020-02-20 09:49:33] security.DEBUG: User was reloaded from a user provider. {"provider":"PrestaShopBundle\\Security\\Admin\\EmployeeProvider","username":"admin@admin.com"} []
[2020-02-20 09:49:38] app.ERROR: Data from PrestaShop Addons is invalid, and cannot fallback on cache.  {"exception":"cURL error 28: Operation timed out after 5001 milliseconds with 156181 bytes received"} []
[2020-02-20 09:49:39] security.DEBUG: Stored the security token in the session. {"key":"_security_main"} []
[2020-02-20 09:49:45] request.INFO: Matched route "admin_link_block_edit". {"route":"admin_link_block_edit","route_parameters":{"_controller":"PrestaShop\\Module\\LinkList\\Controller\\Admin\\Improve\\Design\\LinkBlockController::editAction","_legacy_controller":"AdminLinkWidget","linkBlockId":"2","_route":"admin_link_block_edit"},"request_uri":"http://localhost/may-cay/admin_sc/index.php/modules/link-widget/edit/2?_token=qlWoLL2_xTUD42EZJj7JN1Om0RCA_Q165K6w6D1R1A0","method":"GET"} []
[2020-02-20 09:49:45] security.DEBUG: Read existing security token from the session. {"key":"_security_main","token_class":"Symfony\\Component\\Security\\Core\\Authentication\\Token\\UsernamePasswordToken"} []
[2020-02-20 09:49:45] security.DEBUG: User was reloaded from a user provider. {"provider":"PrestaShopBundle\\Security\\Admin\\EmployeeProvider","username":"admin@admin.com"} []
[2020-02-20 09:49:51] app.ERROR: Data from PrestaShop Addons is invalid, and cannot fallback on cache.  {"exception":"cURL error 28: Operation timed out after 5000 milliseconds with 151837 bytes received"} []
[2020-02-20 09:49:51] security.DEBUG: Stored the security token in the session. {"key":"_security_main"} []
[2020-02-20 09:49:47] request.INFO: Matched route "admin_link_block_edit". {"route":"admin_link_block_edit","route_parameters":{"_controller":"PrestaShop\\Module\\LinkList\\Controller\\Admin\\Improve\\Design\\LinkBlockController::editAction","_legacy_controller":"AdminLinkWidget","linkBlockId":"2","_route":"admin_link_block_edit"},"request_uri":"http://localhost/may-cay/admin_sc/index.php/modules/link-widget/edit/2?_token=qlWoLL2_xTUD42EZJj7JN1Om0RCA_Q165K6w6D1R1A0","method":"GET"} []
[2020-02-20 09:49:51] security.DEBUG: Read existing security token from the session. {"key":"_security_main","token_class":"Symfony\\Component\\Security\\Core\\Authentication\\Token\\UsernamePasswordToken"} []
[2020-02-20 09:49:51] security.DEBUG: User was reloaded from a user provider. {"provider":"PrestaShopBundle\\Security\\Admin\\EmployeeProvider","username":"admin@admin.com"} []
[2020-02-20 09:49:56] app.ERROR: Data from PrestaShop Addons is invalid, and cannot fallback on cache.  {"exception":"cURL error 28: Operation timed out after 5000 milliseconds with 107118 bytes received"} []
[2020-02-20 09:49:57] security.DEBUG: Stored the security token in the session. {"key":"_security_main"} []
[2020-02-20 09:51:19] request.INFO: Matched route "admin_link_block_edit_process". {"route":"admin_link_block_edit_process","route_parameters":{"_controller":"PrestaShop\\Module\\LinkList\\Controller\\Admin\\Improve\\Design\\LinkBlockController::editProcessAction","_legacy_controller":"AdminLinkWidget","linkBlockId":"2","_route":"admin_link_block_edit_process"},"request_uri":"http://localhost/may-cay/admin_sc/index.php/modules/link-widget/edit/2?_token=qlWoLL2_xTUD42EZJj7JN1Om0RCA_Q165K6w6D1R1A0","method":"POST"} []
[2020-02-20 09:51:19] security.DEBUG: Read existing security token from the session. {"key":"_security_main","token_class":"Symfony\\Component\\Security\\Core\\Authentication\\Token\\UsernamePasswordToken"} []
[2020-02-20 09:51:19] security.DEBUG: User was reloaded from a user provider. {"provider":"PrestaShopBundle\\Security\\Admin\\EmployeeProvider","username":"admin@admin.com"} []
[2020-02-20 09:51:24] app.ERROR: Data from PrestaShop Addons is invalid, and cannot fallback on cache.  {"exception":"cURL error 28: Operation timed out after 5000 milliseconds with 144221 bytes received"} []
[2020-02-20 09:51:25] security.DEBUG: Stored the security token in the session. {"key":"_security_main"} []
[2020-02-20 09:51:25] request.INFO: Matched route "admin_link_block_list". {"route":"admin_link_block_list","route_parameters":{"_controller":"PrestaShop\\Module\\LinkList\\Controller\\Admin\\Improve\\Design\\LinkBlockController::listAction","_legacy_controller":"AdminLinkWidget","_legacy_link":"AdminLinkWidget","_route":"admin_link_block_list"},"request_uri":"http://localhost/may-cay/admin_sc/index.php/modules/link-widget/list?_token=qlWoLL2_xTUD42EZJj7JN1Om0RCA_Q165K6w6D1R1A0","method":"GET"} []
[2020-02-20 09:51:25] security.DEBUG: Read existing security token from the session. {"key":"_security_main","token_class":"Symfony\\Component\\Security\\Core\\Authentication\\Token\\UsernamePasswordToken"} []
[2020-02-20 09:51:25] security.DEBUG: User was reloaded from a user provider. {"provider":"PrestaShopBundle\\Security\\Admin\\EmployeeProvider","username":"admin@admin.com"} []
[2020-02-20 09:51:31] app.ERROR: Data from PrestaShop Addons is invalid, and cannot fallback on cache.  {"exception":"cURL error 28: Operation timed out after 5000 milliseconds with 174469 bytes received"} []
[2020-02-20 09:51:31] security.DEBUG: Stored the security token in the session. {"key":"_security_main"} []
[2020-02-20 09:51:34] request.INFO: Matched route "admin_link_block_edit". {"route":"admin_link_block_edit","route_parameters":{"_controller":"PrestaShop\\Module\\LinkList\\Controller\\Admin\\Improve\\Design\\LinkBlockController::editAction","_legacy_controller":"AdminLinkWidget","linkBlockId":"1","_route":"admin_link_block_edit"},"request_uri":"http://localhost/may-cay/admin_sc/index.php/modules/link-widget/edit/1?_token=qlWoLL2_xTUD42EZJj7JN1Om0RCA_Q165K6w6D1R1A0","method":"GET"} []
[2020-02-20 09:51:34] security.DEBUG: Read existing security token from the session. {"key":"_security_main","token_class":"Symfony\\Component\\Security\\Core\\Authentication\\Token\\UsernamePasswordToken"} []
[2020-02-20 09:51:34] security.DEBUG: User was reloaded from a user provider. {"provider":"PrestaShopBundle\\Security\\Admin\\EmployeeProvider","username":"admin@admin.com"} []
[2020-02-20 09:51:39] app.ERROR: Data from PrestaShop Addons is invalid, and cannot fallback on cache.  {"exception":"cURL error 28: Operation timed out after 5000 milliseconds with 141701 bytes received"} []
[2020-02-20 09:51:40] security.DEBUG: Stored the security token in the session. {"key":"_security_main"} []
[2020-02-20 09:51:53] request.INFO: Matched route "admin_link_block_edit_process". {"route":"admin_link_block_edit_process","route_parameters":{"_controller":"PrestaShop\\Module\\LinkList\\Controller\\Admin\\Improve\\Design\\LinkBlockController::editProcessAction","_legacy_controller":"AdminLinkWidget","linkBlockId":"1","_route":"admin_link_block_edit_process"},"request_uri":"http://localhost/may-cay/admin_sc/index.php/modules/link-widget/edit/1?_token=qlWoLL2_xTUD42EZJj7JN1Om0RCA_Q165K6w6D1R1A0","method":"POST"} []
[2020-02-20 09:51:53] security.DEBUG: Read existing security token from the session. {"key":"_security_main","token_class":"Symfony\\Component\\Security\\Core\\Authentication\\Token\\UsernamePasswordToken"} []
[2020-02-20 09:51:53] security.DEBUG: User was reloaded from a user provider. {"provider":"PrestaShopBundle\\Security\\Admin\\EmployeeProvider","username":"admin@admin.com"} []
[2020-02-20 09:51:58] app.ERROR: Data from PrestaShop Addons is invalid, and cannot fallback on cache.  {"exception":"cURL error 28: Operation timed out after 5000 milliseconds with 158085 bytes received"} []
[2020-02-20 09:51:58] security.DEBUG: Stored the security token in the session. {"key":"_security_main"} []
[2020-02-20 09:51:59] request.INFO: Matched route "admin_link_block_list". {"route":"admin_link_block_list","route_parameters":{"_controller":"PrestaShop\\Module\\LinkList\\Controller\\Admin\\Improve\\Design\\LinkBlockController::listAction","_legacy_controller":"AdminLinkWidget","_legacy_link":"AdminLinkWidget","_route":"admin_link_block_list"},"request_uri":"http://localhost/may-cay/admin_sc/index.php/modules/link-widget/list?_token=qlWoLL2_xTUD42EZJj7JN1Om0RCA_Q165K6w6D1R1A0","method":"GET"} []
[2020-02-20 09:51:59] security.DEBUG: Read existing security token from the session. {"key":"_security_main","token_class":"Symfony\\Component\\Security\\Core\\Authentication\\Token\\UsernamePasswordToken"} []
[2020-02-20 09:51:59] security.DEBUG: User was reloaded from a user provider. {"provider":"PrestaShopBundle\\Security\\Admin\\EmployeeProvider","username":"admin@admin.com"} []
[2020-02-20 09:52:05] app.ERROR: Data from PrestaShop Addons is invalid, and cannot fallback on cache.  {"exception":"cURL error 28: Operation timed out after 5000 milliseconds with 172565 bytes received"} []
[2020-02-20 09:52:05] security.DEBUG: Stored the security token in the session. {"key":"_security_main"} []
[2020-02-20 09:53:38] request.INFO: Matched route "admin_link_block_list". {"route":"admin_link_block_list","route_parameters":{"_controller":"PrestaShop\\Module\\LinkList\\Controller\\Admin\\Improve\\Design\\LinkBlockController::listAction","_legacy_controller":"AdminLinkWidget","_legacy_link":"AdminLinkWidget","_route":"admin_link_block_list"},"request_uri":"http://localhost/may-cay/admin_sc/index.php/modules/link-widget/list?_token=qlWoLL2_xTUD42EZJj7JN1Om0RCA_Q165K6w6D1R1A0","method":"GET"} []
[2020-02-20 09:53:38] security.DEBUG: Read existing security token from the session. {"key":"_security_main","token_class":"Symfony\\Component\\Security\\Core\\Authentication\\Token\\UsernamePasswordToken"} []
[2020-02-20 09:53:38] security.DEBUG: User was reloaded from a user provider. {"provider":"PrestaShopBundle\\Security\\Admin\\EmployeeProvider","username":"admin@admin.com"} []
[2020-02-20 09:53:43] app.ERROR: Data from PrestaShop Addons is invalid, and cannot fallback on cache.  {"exception":"cURL error 28: Operation timed out after 5000 milliseconds with 141710 bytes received"} []
[2020-02-20 09:53:44] security.DEBUG: Stored the security token in the session. {"key":"_security_main"} []
[2020-02-20 10:02:04] request.INFO: Matched route "admin_payment_methods". {"route":"admin_payment_methods","route_parameters":{"_controller":"PrestaShopBundle\\Controller\\Admin\\Improve\\Payment\\PaymentMethodsController::indexAction","_legacy_controller":"AdminPayment","_legacy_link":"AdminPayment","_route":"admin_payment_methods"},"request_uri":"http://localhost/may-cay/admin_sc/index.php/improve/payment/payment_methods?_token=qlWoLL2_xTUD42EZJj7JN1Om0RCA_Q165K6w6D1R1A0","method":"GET"} []
[2020-02-20 10:02:04] security.DEBUG: Read existing security token from the session. {"key":"_security_main","token_class":"Symfony\\Component\\Security\\Core\\Authentication\\Token\\UsernamePasswordToken"} []
[2020-02-20 10:02:04] security.DEBUG: User was reloaded from a user provider. {"provider":"PrestaShopBundle\\Security\\Admin\\EmployeeProvider","username":"admin@admin.com"} []
[2020-02-20 10:02:09] app.ERROR: Data from PrestaShop Addons is invalid, and cannot fallback on cache.  {"exception":"cURL error 28: Operation timed out after 5000 milliseconds with 141701 bytes received"} []
[2020-02-20 10:02:10] security.DEBUG: Stored the security token in the session. {"key":"_security_main"} []
[2020-02-20 10:02:20] request.INFO: Matched route "admin_module_configure_action". {"route":"admin_module_configure_action","route_parameters":{"_controller":"PrestaShopBundle\\Controller\\Admin\\Improve\\ModuleController::configureModuleAction","_legacy_controller":"AdminModules","module_name":"ps_wirepayment","_route":"admin_module_configure_action"},"request_uri":"http://localhost/may-cay/admin_sc/index.php/improve/modules/manage/action/configure/ps_wirepayment?_token=qlWoLL2_xTUD42EZJj7JN1Om0RCA_Q165K6w6D1R1A0","method":"GET"} []
[2020-02-20 10:02:20] security.DEBUG: Read existing security token from the session. {"key":"_security_main","token_class":"Symfony\\Component\\Security\\Core\\Authentication\\Token\\UsernamePasswordToken"} []
[2020-02-20 10:02:20] security.DEBUG: User was reloaded from a user provider. {"provider":"PrestaShopBundle\\Security\\Admin\\EmployeeProvider","username":"admin@admin.com"} []
[2020-02-20 10:02:25] app.ERROR: Data from PrestaShop Addons is invalid, and cannot fallback on cache.  {"exception":"cURL error 28: Operation timed out after 5000 milliseconds with 190853 bytes received"} []
[2020-02-20 10:02:26] security.DEBUG: Stored the security token in the session. {"key":"_security_main"} []
[2020-02-20 10:13:45] request.INFO: Matched route "admin_link_block_list". {"route":"admin_link_block_list","route_parameters":{"_controller":"PrestaShop\\Module\\LinkList\\Controller\\Admin\\Improve\\Design\\LinkBlockController::listAction","_legacy_controller":"AdminLinkWidget","_legacy_link":"AdminLinkWidget","_route":"admin_link_block_list"},"request_uri":"http://localhost/may-cay/admin_sc/index.php/modules/link-widget/list?_token=qlWoLL2_xTUD42EZJj7JN1Om0RCA_Q165K6w6D1R1A0","method":"GET"} []
[2020-02-20 10:13:45] security.DEBUG: Read existing security token from the session. {"key":"_security_main","token_class":"Symfony\\Component\\Security\\Core\\Authentication\\Token\\UsernamePasswordToken"} []
[2020-02-20 10:13:45] security.DEBUG: User was reloaded from a user provider. {"provider":"PrestaShopBundle\\Security\\Admin\\EmployeeProvider","username":"admin@admin.com"} []
[2020-02-20 10:13:51] app.ERROR: Data from PrestaShop Addons is invalid, and cannot fallback on cache.  {"exception":"cURL error 28: Operation timed out after 5000 milliseconds with 110470 bytes received"} []
[2020-02-20 10:13:51] security.DEBUG: Stored the security token in the session. {"key":"_security_main"} []
[2020-02-20 11:13:34] request.INFO: Matched route "admin_module_manage". {"route":"admin_module_manage","route_parameters":{"category":null,"keyword":null,"_controller":"PrestaShopBundle\\Controller\\Admin\\Improve\\ModuleController::manageAction","_legacy_controller":"AdminModulesManage","_legacy_link":["AdminModulesManage","AdminModulesSf"],"_route":"admin_module_manage"},"request_uri":"http://localhost/may-cay/admin_sc/index.php/improve/modules/manage?_token=qlWoLL2_xTUD42EZJj7JN1Om0RCA_Q165K6w6D1R1A0","method":"GET"} []
[2020-02-20 11:13:34] security.DEBUG: Read existing security token from the session. {"key":"_security_main","token_class":"Symfony\\Component\\Security\\Core\\Authentication\\Token\\UsernamePasswordToken"} []
[2020-02-20 11:13:34] security.DEBUG: User was reloaded from a user provider. {"provider":"PrestaShopBundle\\Security\\Admin\\EmployeeProvider","username":"admin@admin.com"} []
[2020-02-20 11:13:39] app.ERROR: Data from PrestaShop Addons is invalid, and cannot fallback on cache.  {"exception":"cURL error 28: Operation timed out after 5000 milliseconds with 187501 bytes received"} []
[2020-02-20 11:13:41] security.DEBUG: Stored the security token in the session. {"key":"_security_main"} []
[2020-02-20 11:13:43] request.INFO: Matched route "admin_module_notification_count". {"route":"admin_module_notification_count","route_parameters":{"_controller":"PrestaShopBundle\\Controller\\Admin\\Improve\\Modules\\AlertsController::notificationsCountAction","_legacy_controller":"AdminModulesNotifications","_legacy_link":"AdminModulesNotifications:count","_route":"admin_module_notification_count"},"request_uri":"http://localhost/may-cay/admin_sc/index.php/improve/modules/alerts/count?_token=qlWoLL2_xTUD42EZJj7JN1Om0RCA_Q165K6w6D1R1A0","method":"GET"} []
[2020-02-20 11:13:43] security.DEBUG: Read existing security token from the session. {"key":"_security_main","token_class":"Symfony\\Component\\Security\\Core\\Authentication\\Token\\UsernamePasswordToken"} []
[2020-02-20 11:13:43] security.DEBUG: User was reloaded from a user provider. {"provider":"PrestaShopBundle\\Security\\Admin\\EmployeeProvider","username":"admin@admin.com"} []
[2020-02-20 11:13:48] app.ERROR: Data from PrestaShop Addons is invalid, and cannot fallback on cache.  {"exception":"cURL error 28: Operation timed out after 5000 milliseconds with 190853 bytes received"} []
[2020-02-20 11:13:48] security.DEBUG: Stored the security token in the session. {"key":"_security_main"} []
[2020-02-20 11:14:02] app.ERROR: Data from PrestaShop Addons is invalid, and cannot fallback on cache.  {"exception":"cURL error 28: Operation timed out after 5000 milliseconds with 205709 bytes received"} []
[2020-02-20 11:24:21] request.INFO: Matched route "admin_payment_methods". {"route":"admin_payment_methods","route_parameters":{"_controller":"PrestaShopBundle\\Controller\\Admin\\Improve\\Payment\\PaymentMethodsController::indexAction","_legacy_controller":"AdminPayment","_legacy_link":"AdminPayment","_route":"admin_payment_methods"},"request_uri":"http://localhost/may-cay/admin_sc/index.php/improve/payment/payment_methods?_token=qlWoLL2_xTUD42EZJj7JN1Om0RCA_Q165K6w6D1R1A0","method":"GET"} []
[2020-02-20 11:24:21] security.DEBUG: Read existing security token from the session. {"key":"_security_main","token_class":"Symfony\\Component\\Security\\Core\\Authentication\\Token\\UsernamePasswordToken"} []
[2020-02-20 11:24:21] security.DEBUG: User was reloaded from a user provider. {"provider":"PrestaShopBundle\\Security\\Admin\\EmployeeProvider","username":"admin@admin.com"} []
[2020-02-20 11:24:27] app.ERROR: Data from PrestaShop Addons is invalid, and cannot fallback on cache.  {"exception":"cURL error 28: Operation timed out after 5000 milliseconds with 188958 bytes received"} []
[2020-02-20 11:24:27] security.DEBUG: Stored the security token in the session. {"key":"_security_main"} []
[2020-02-20 11:24:44] request.INFO: Matched route "admin_module_configure_action". {"route":"admin_module_configure_action","route_parameters":{"_controller":"PrestaShopBundle\\Controller\\Admin\\Improve\\ModuleController::configureModuleAction","_legacy_controller":"AdminModules","module_name":"ps_wirepayment","_route":"admin_module_configure_action"},"request_uri":"http://localhost/may-cay/admin_sc/index.php/improve/modules/manage/action/configure/ps_wirepayment?_token=qlWoLL2_xTUD42EZJj7JN1Om0RCA_Q165K6w6D1R1A0","method":"GET"} []
[2020-02-20 11:24:44] security.DEBUG: Read existing security token from the session. {"key":"_security_main","token_class":"Symfony\\Component\\Security\\Core\\Authentication\\Token\\UsernamePasswordToken"} []
[2020-02-20 11:24:44] security.DEBUG: User was reloaded from a user provider. {"provider":"PrestaShopBundle\\Security\\Admin\\EmployeeProvider","username":"admin@admin.com"} []
[2020-02-20 11:24:49] app.ERROR: Data from PrestaShop Addons is invalid, and cannot fallback on cache.  {"exception":"cURL error 28: Operation timed out after 5000 milliseconds with 141701 bytes received"} []
[2020-02-20 11:24:52] security.DEBUG: Stored the security token in the session. {"key":"_security_main"} []
[2020-02-20 11:24:48] request.INFO: Matched route "admin_module_configure_action". {"route":"admin_module_configure_action","route_parameters":{"_controller":"PrestaShopBundle\\Controller\\Admin\\Improve\\ModuleController::configureModuleAction","_legacy_controller":"AdminModules","module_name":"ps_wirepayment","_route":"admin_module_configure_action"},"request_uri":"http://localhost/may-cay/admin_sc/index.php/improve/modules/manage/action/configure/ps_wirepayment?_token=qlWoLL2_xTUD42EZJj7JN1Om0RCA_Q165K6w6D1R1A0","method":"GET"} []
[2020-02-20 11:24:52] security.DEBUG: Read existing security token from the session. {"key":"_security_main","token_class":"Symfony\\Component\\Security\\Core\\Authentication\\Token\\UsernamePasswordToken"} []
[2020-02-20 11:24:52] security.DEBUG: User was reloaded from a user provider. {"provider":"PrestaShopBundle\\Security\\Admin\\EmployeeProvider","username":"admin@admin.com"} []
[2020-02-20 11:24:57] app.ERROR: Data from PrestaShop Addons is invalid, and cannot fallback on cache.  {"exception":"cURL error 28: Operation timed out after 5000 milliseconds with 205709 bytes received"} []
[2020-02-20 11:24:58] security.DEBUG: Stored the security token in the session. {"key":"_security_main"} []
